Condition codes:
Registers:
	sp = 0xFFF0
	pc = 0x71C
Stack:
	      sp-> +-------------------------+
	0x0000FFF0 | 00 00 00 00 00 00 00 00 |
	           +-------------------------+


sub sp, sp, #16
Condition codes:
Registers:
	sp = 0xFFE0
	pc = 0x720
Stack:
	      sp-> +-------------------------+
	0x0000FFE0 | 00 00 00 00 00 00 00 00 |
	           +-------------------------+
	0x0000FFE8 | 00 00 00 00 00 00 00 00 |
	           +-------------------------+
	0x0000FFF0 | 00 00 00 00 00 00 00 00 |
	           +-------------------------+


mov w0, #85
Condition codes:
Registers:
	w/x0 = 0x55
	sp = 0xFFE0
	pc = 0x724
Stack:
	      sp-> +-------------------------+
	0x0000FFE0 | 00 00 00 00 00 00 00 00 |
	           +-------------------------+
	0x0000FFE8 | 00 00 00 00 00 00 00 00 |
	           +-------------------------+
	0x0000FFF0 | 00 00 00 00 00 00 00 00 |
	           +-------------------------+


str w0, [sp, #4]
Condition codes:
Registers:
	w/x0 = 0x55
	sp = 0xFFE0
	pc = 0x728
Stack:
	      sp-> +-------------------------+
	0x0000FFE0 | 00 00 00 00 55 00 00 00 |
	           +-------------------------+
	0x0000FFE8 | 00 00 00 00 00 00 00 00 |
	           +-------------------------+
	0x0000FFF0 | 00 00 00 00 00 00 00 00 |
	           +-------------------------+


mov x0, #30583
Condition codes:
Registers:
	w/x0 = 0x7777
	sp = 0xFFE0
	pc = 0x72C
Stack:
	      sp-> +-------------------------+
	0x0000FFE0 | 00 00 00 00 55 00 00 00 |
	           +-------------------------+
	0x0000FFE8 | 00 00 00 00 00 00 00 00 |
	           +-------------------------+
	0x0000FFF0 | 00 00 00 00 00 00 00 00 |
	           +-------------------------+


str x0, [sp, #8]
Condition codes:
Registers:
	w/x0 = 0x7777
	sp = 0xFFE0
	pc = 0x730
Stack:
	      sp-> +-------------------------+
	0x0000FFE0 | 00 00 00 00 55 00 00 00 |
	           +-------------------------+
	0x0000FFE8 | 77 77 00 00 00 00 00 00 |
	           +-------------------------+
	0x0000FFF0 | 00 00 00 00 00 00 00 00 |
	           +-------------------------+


nop 
Condition codes:
Registers:
	w/x0 = 0x7777
	sp = 0xFFE0
	pc = 0x734
Stack:
	      sp-> +-------------------------+
	0x0000FFE0 | 00 00 00 00 55 00 00 00 |
	           +-------------------------+
	0x0000FFE8 | 77 77 00 00 00 00 00 00 |
	           +-------------------------+
	0x0000FFF0 | 00 00 00 00 00 00 00 00 |
	           +-------------------------+


add sp, sp, #16
Condition codes:
Registers:
	w/x0 = 0x7777
	sp = 0xFFF0
	pc = 0x738
Stack:
	           +-------------------------+
	0x0000FFE0 | 00 00 00 00 55 00 00 00 |
	           +-------------------------+
	0x0000FFE8 | 77 77 00 00 00 00 00 00 |
	      sp-> +-------------------------+
	0x0000FFF0 | 00 00 00 00 00 00 00 00 |
	           +-------------------------+


ret 
Condition codes:
Registers:
	w/x0 = 0x7777
	sp = 0xFFF0
	pc = 0x123456789ABCDEF
Stack:
	           +-------------------------+
	0x0000FFE0 | 00 00 00 00 55 00 00 00 |
	           +-------------------------+
	0x0000FFE8 | 77 77 00 00 00 00 00 00 |
	      sp-> +-------------------------+
	0x0000FFF0 | 00 00 00 00 00 00 00 00 |
	           +-------------------------+


