Condition codes:
Registers:
	sp = 0xFF0
	pc = 0x7AC
Stack:
	      sp-> +-------------------------+
	0x00000FF0 | 00 00 00 00 00 00 00 00 |
	           +-------------------------+


sub sp, sp, #48
Condition codes:
Registers:
	sp = 0xFC0
	pc = 0x7B0
Stack:
	      sp-> +-------------------------+
	0x00000FC0 | 00 00 00 00 00 00 00 00 |
	           +-------------------------+
	0x00000FC8 | 00 00 00 00 00 00 00 00 |
	           +-------------------------+
	0x00000FD0 | 00 00 00 00 00 00 00 00 |
	           +-------------------------+
	0x00000FD8 | 00 00 00 00 00 00 00 00 |
	           +-------------------------+
	0x00000FE0 | 00 00 00 00 00 00 00 00 |
	           +-------------------------+
	0x00000FE8 | 00 00 00 00 00 00 00 00 |
	           +-------------------------+
	0x00000FF0 | 00 00 00 00 00 00 00 00 |
	           +-------------------------+


str x30, [sp]
Condition codes:
Registers:
	sp = 0xFC0
	pc = 0x7B4
Stack:
	      sp-> +-------------------------+
	0x00000FC0 | EF CD AB 89 67 45 23 01 |
	           +-------------------------+
	0x00000FC8 | 00 00 00 00 00 00 00 00 |
	           +-------------------------+
	0x00000FD0 | 00 00 00 00 00 00 00 00 |
	           +-------------------------+
	0x00000FD8 | 00 00 00 00 00 00 00 00 |
	           +-------------------------+
	0x00000FE0 | 00 00 00 00 00 00 00 00 |
	           +-------------------------+
	0x00000FE8 | 00 00 00 00 00 00 00 00 |
	           +-------------------------+
	0x00000FF0 | 00 00 00 00 00 00 00 00 |
	           +-------------------------+


mov w0, #72
Condition codes:
Registers:
	w/x0 = 0x48
	sp = 0xFC0
	pc = 0x7B8
Stack:
	      sp-> +-------------------------+
	0x00000FC0 | EF CD AB 89 67 45 23 01 |
	           +-------------------------+
	0x00000FC8 | 00 00 00 00 00 00 00 00 |
	           +-------------------------+
	0x00000FD0 | 00 00 00 00 00 00 00 00 |
	           +-------------------------+
	0x00000FD8 | 00 00 00 00 00 00 00 00 |
	           +-------------------------+
	0x00000FE0 | 00 00 00 00 00 00 00 00 |
	           +-------------------------+
	0x00000FE8 | 00 00 00 00 00 00 00 00 |
	           +-------------------------+
	0x00000FF0 | 00 00 00 00 00 00 00 00 |
	           +-------------------------+


strb w0, [sp, #32]
Condition codes:
Registers:
	w/x0 = 0x48
	sp = 0xFC0
	pc = 0x7BC
Stack:
	      sp-> +-------------------------+
	0x00000FC0 | EF CD AB 89 67 45 23 01 |
	           +-------------------------+
	0x00000FC8 | 00 00 00 00 00 00 00 00 |
	           +-------------------------+
	0x00000FD0 | 00 00 00 00 00 00 00 00 |
	           +-------------------------+
	0x00000FD8 | 00 00 00 00 00 00 00 00 |
	           +-------------------------+
	0x00000FE0 | 48 00 00 00 00 00 00 00 |
	           +-------------------------+
	0x00000FE8 | 00 00 00 00 00 00 00 00 |
	           +-------------------------+
	0x00000FF0 | 00 00 00 00 00 00 00 00 |
	           +-------------------------+


mov w0, #101
Condition codes:
Registers:
	w/x0 = 0x65
	sp = 0xFC0
	pc = 0x7C0
Stack:
	      sp-> +-------------------------+
	0x00000FC0 | EF CD AB 89 67 45 23 01 |
	           +-------------------------+
	0x00000FC8 | 00 00 00 00 00 00 00 00 |
	           +-------------------------+
	0x00000FD0 | 00 00 00 00 00 00 00 00 |
	           +-------------------------+
	0x00000FD8 | 00 00 00 00 00 00 00 00 |
	           +-------------------------+
	0x00000FE0 | 48 00 00 00 00 00 00 00 |
	           +-------------------------+
	0x00000FE8 | 00 00 00 00 00 00 00 00 |
	           +-------------------------+
	0x00000FF0 | 00 00 00 00 00 00 00 00 |
	           +-------------------------+


strb w0, [sp, #33]
Condition codes:
Registers:
	w/x0 = 0x65
	sp = 0xFC0
	pc = 0x7C4
Stack:
	      sp-> +-------------------------+
	0x00000FC0 | EF CD AB 89 67 45 23 01 |
	           +-------------------------+
	0x00000FC8 | 00 00 00 00 00 00 00 00 |
	           +-------------------------+
	0x00000FD0 | 00 00 00 00 00 00 00 00 |
	           +-------------------------+
	0x00000FD8 | 00 00 00 00 00 00 00 00 |
	           +-------------------------+
	0x00000FE0 | 48 65 00 00 00 00 00 00 |
	           +-------------------------+
	0x00000FE8 | 00 00 00 00 00 00 00 00 |
	           +-------------------------+
	0x00000FF0 | 00 00 00 00 00 00 00 00 |
	           +-------------------------+


mov w0, #108
Condition codes:
Registers:
	w/x0 = 0x6c
	sp = 0xFC0
	pc = 0x7C8
Stack:
	      sp-> +-------------------------+
	0x00000FC0 | EF CD AB 89 67 45 23 01 |
	           +-------------------------+
	0x00000FC8 | 00 00 00 00 00 00 00 00 |
	           +-------------------------+
	0x00000FD0 | 00 00 00 00 00 00 00 00 |
	           +-------------------------+
	0x00000FD8 | 00 00 00 00 00 00 00 00 |
	           +-------------------------+
	0x00000FE0 | 48 65 00 00 00 00 00 00 |
	           +-------------------------+
	0x00000FE8 | 00 00 00 00 00 00 00 00 |
	           +-------------------------+
	0x00000FF0 | 00 00 00 00 00 00 00 00 |
	           +-------------------------+


strb w0, [sp, #34]
Condition codes:
Registers:
	w/x0 = 0x6c
	sp = 0xFC0
	pc = 0x7CC
Stack:
	      sp-> +-------------------------+
	0x00000FC0 | EF CD AB 89 67 45 23 01 |
	           +-------------------------+
	0x00000FC8 | 00 00 00 00 00 00 00 00 |
	           +-------------------------+
	0x00000FD0 | 00 00 00 00 00 00 00 00 |
	           +-------------------------+
	0x00000FD8 | 00 00 00 00 00 00 00 00 |
	           +-------------------------+
	0x00000FE0 | 48 65 6C 00 00 00 00 00 |
	           +-------------------------+
	0x00000FE8 | 00 00 00 00 00 00 00 00 |
	           +-------------------------+
	0x00000FF0 | 00 00 00 00 00 00 00 00 |
	           +-------------------------+


mov w0, #108
Condition codes:
Registers:
	w/x0 = 0x6c
	sp = 0xFC0
	pc = 0x7D0
Stack:
	      sp-> +-------------------------+
	0x00000FC0 | EF CD AB 89 67 45 23 01 |
	           +-------------------------+
	0x00000FC8 | 00 00 00 00 00 00 00 00 |
	           +-------------------------+
	0x00000FD0 | 00 00 00 00 00 00 00 00 |
	           +-------------------------+
	0x00000FD8 | 00 00 00 00 00 00 00 00 |
	           +-------------------------+
	0x00000FE0 | 48 65 6C 00 00 00 00 00 |
	           +-------------------------+
	0x00000FE8 | 00 00 00 00 00 00 00 00 |
	           +-------------------------+
	0x00000FF0 | 00 00 00 00 00 00 00 00 |
	           +-------------------------+


strb w0, [sp, #35]
Condition codes:
Registers:
	w/x0 = 0x6c
	sp = 0xFC0
	pc = 0x7D4
Stack:
	      sp-> +-------------------------+
	0x00000FC0 | EF CD AB 89 67 45 23 01 |
	           +-------------------------+
	0x00000FC8 | 00 00 00 00 00 00 00 00 |
	           +-------------------------+
	0x00000FD0 | 00 00 00 00 00 00 00 00 |
	           +-------------------------+
	0x00000FD8 | 00 00 00 00 00 00 00 00 |
	           +-------------------------+
	0x00000FE0 | 48 65 6C 6C 00 00 00 00 |
	           +-------------------------+
	0x00000FE8 | 00 00 00 00 00 00 00 00 |
	           +-------------------------+
	0x00000FF0 | 00 00 00 00 00 00 00 00 |
	           +-------------------------+


mov w0, #111
Condition codes:
Registers:
	w/x0 = 0x6f
	sp = 0xFC0
	pc = 0x7D8
Stack:
	      sp-> +-------------------------+
	0x00000FC0 | EF CD AB 89 67 45 23 01 |
	           +-------------------------+
	0x00000FC8 | 00 00 00 00 00 00 00 00 |
	           +-------------------------+
	0x00000FD0 | 00 00 00 00 00 00 00 00 |
	           +-------------------------+
	0x00000FD8 | 00 00 00 00 00 00 00 00 |
	           +-------------------------+
	0x00000FE0 | 48 65 6C 6C 00 00 00 00 |
	           +-------------------------+
	0x00000FE8 | 00 00 00 00 00 00 00 00 |
	           +-------------------------+
	0x00000FF0 | 00 00 00 00 00 00 00 00 |
	           +-------------------------+


strb w0, [sp, #36]
Condition codes:
Registers:
	w/x0 = 0x6f
	sp = 0xFC0
	pc = 0x7DC
Stack:
	      sp-> +-------------------------+
	0x00000FC0 | EF CD AB 89 67 45 23 01 |
	           +-------------------------+
	0x00000FC8 | 00 00 00 00 00 00 00 00 |
	           +-------------------------+
	0x00000FD0 | 00 00 00 00 00 00 00 00 |
	           +-------------------------+
	0x00000FD8 | 00 00 00 00 00 00 00 00 |
	           +-------------------------+
	0x00000FE0 | 48 65 6C 6C 6F 00 00 00 |
	           +-------------------------+
	0x00000FE8 | 00 00 00 00 00 00 00 00 |
	           +-------------------------+
	0x00000FF0 | 00 00 00 00 00 00 00 00 |
	           +-------------------------+


mov w0, #32
Condition codes:
Registers:
	w/x0 = 0x20
	sp = 0xFC0
	pc = 0x7E0
Stack:
	      sp-> +-------------------------+
	0x00000FC0 | EF CD AB 89 67 45 23 01 |
	           +-------------------------+
	0x00000FC8 | 00 00 00 00 00 00 00 00 |
	           +-------------------------+
	0x00000FD0 | 00 00 00 00 00 00 00 00 |
	           +-------------------------+
	0x00000FD8 | 00 00 00 00 00 00 00 00 |
	           +-------------------------+
	0x00000FE0 | 48 65 6C 6C 6F 00 00 00 |
	           +-------------------------+
	0x00000FE8 | 00 00 00 00 00 00 00 00 |
	           +-------------------------+
	0x00000FF0 | 00 00 00 00 00 00 00 00 |
	           +-------------------------+


strb w0, [sp, #37]
Condition codes:
Registers:
	w/x0 = 0x20
	sp = 0xFC0
	pc = 0x7E4
Stack:
	      sp-> +-------------------------+
	0x00000FC0 | EF CD AB 89 67 45 23 01 |
	           +-------------------------+
	0x00000FC8 | 00 00 00 00 00 00 00 00 |
	           +-------------------------+
	0x00000FD0 | 00 00 00 00 00 00 00 00 |
	           +-------------------------+
	0x00000FD8 | 00 00 00 00 00 00 00 00 |
	           +-------------------------+
	0x00000FE0 | 48 65 6C 6C 6F 20 00 00 |
	           +-------------------------+
	0x00000FE8 | 00 00 00 00 00 00 00 00 |
	           +-------------------------+
	0x00000FF0 | 00 00 00 00 00 00 00 00 |
	           +-------------------------+


mov w0, #87
Condition codes:
Registers:
	w/x0 = 0x57
	sp = 0xFC0
	pc = 0x7E8
Stack:
	      sp-> +-------------------------+
	0x00000FC0 | EF CD AB 89 67 45 23 01 |
	           +-------------------------+
	0x00000FC8 | 00 00 00 00 00 00 00 00 |
	           +-------------------------+
	0x00000FD0 | 00 00 00 00 00 00 00 00 |
	           +-------------------------+
	0x00000FD8 | 00 00 00 00 00 00 00 00 |
	           +-------------------------+
	0x00000FE0 | 48 65 6C 6C 6F 20 00 00 |
	           +-------------------------+
	0x00000FE8 | 00 00 00 00 00 00 00 00 |
	           +-------------------------+
	0x00000FF0 | 00 00 00 00 00 00 00 00 |
	           +-------------------------+


strb w0, [sp, #38]
Condition codes:
Registers:
	w/x0 = 0x57
	sp = 0xFC0
	pc = 0x7EC
Stack:
	      sp-> +-------------------------+
	0x00000FC0 | EF CD AB 89 67 45 23 01 |
	           +-------------------------+
	0x00000FC8 | 00 00 00 00 00 00 00 00 |
	           +-------------------------+
	0x00000FD0 | 00 00 00 00 00 00 00 00 |
	           +-------------------------+
	0x00000FD8 | 00 00 00 00 00 00 00 00 |
	           +-------------------------+
	0x00000FE0 | 48 65 6C 6C 6F 20 57 00 |
	           +-------------------------+
	0x00000FE8 | 00 00 00 00 00 00 00 00 |
	           +-------------------------+
	0x00000FF0 | 00 00 00 00 00 00 00 00 |
	           +-------------------------+


mov w0, #111
Condition codes:
Registers:
	w/x0 = 0x6f
	sp = 0xFC0
	pc = 0x7F0
Stack:
	      sp-> +-------------------------+
	0x00000FC0 | EF CD AB 89 67 45 23 01 |
	           +-------------------------+
	0x00000FC8 | 00 00 00 00 00 00 00 00 |
	           +-------------------------+
	0x00000FD0 | 00 00 00 00 00 00 00 00 |
	           +-------------------------+
	0x00000FD8 | 00 00 00 00 00 00 00 00 |
	           +-------------------------+
	0x00000FE0 | 48 65 6C 6C 6F 20 57 00 |
	           +-------------------------+
	0x00000FE8 | 00 00 00 00 00 00 00 00 |
	           +-------------------------+
	0x00000FF0 | 00 00 00 00 00 00 00 00 |
	           +-------------------------+


strb w0, [sp, #39]
Condition codes:
Registers:
	w/x0 = 0x6f
	sp = 0xFC0
	pc = 0x7F4
Stack:
	      sp-> +-------------------------+
	0x00000FC0 | EF CD AB 89 67 45 23 01 |
	           +-------------------------+
	0x00000FC8 | 00 00 00 00 00 00 00 00 |
	           +-------------------------+
	0x00000FD0 | 00 00 00 00 00 00 00 00 |
	           +-------------------------+
	0x00000FD8 | 00 00 00 00 00 00 00 00 |
	           +-------------------------+
	0x00000FE0 | 48 65 6C 6C 6F 20 57 6F |
	           +-------------------------+
	0x00000FE8 | 00 00 00 00 00 00 00 00 |
	           +-------------------------+
	0x00000FF0 | 00 00 00 00 00 00 00 00 |
	           +-------------------------+


mov w0, #114
Condition codes:
Registers:
	w/x0 = 0x72
	sp = 0xFC0
	pc = 0x7F8
Stack:
	      sp-> +-------------------------+
	0x00000FC0 | EF CD AB 89 67 45 23 01 |
	           +-------------------------+
	0x00000FC8 | 00 00 00 00 00 00 00 00 |
	           +-------------------------+
	0x00000FD0 | 00 00 00 00 00 00 00 00 |
	           +-------------------------+
	0x00000FD8 | 00 00 00 00 00 00 00 00 |
	           +-------------------------+
	0x00000FE0 | 48 65 6C 6C 6F 20 57 6F |
	           +-------------------------+
	0x00000FE8 | 00 00 00 00 00 00 00 00 |
	           +-------------------------+
	0x00000FF0 | 00 00 00 00 00 00 00 00 |
	           +-------------------------+


strb w0, [sp, #40]
Condition codes:
Registers:
	w/x0 = 0x72
	sp = 0xFC0
	pc = 0x7FC
Stack:
	      sp-> +-------------------------+
	0x00000FC0 | EF CD AB 89 67 45 23 01 |
	           +-------------------------+
	0x00000FC8 | 00 00 00 00 00 00 00 00 |
	           +-------------------------+
	0x00000FD0 | 00 00 00 00 00 00 00 00 |
	           +-------------------------+
	0x00000FD8 | 00 00 00 00 00 00 00 00 |
	           +-------------------------+
	0x00000FE0 | 48 65 6C 6C 6F 20 57 6F |
	           +-------------------------+
	0x00000FE8 | 72 00 00 00 00 00 00 00 |
	           +-------------------------+
	0x00000FF0 | 00 00 00 00 00 00 00 00 |
	           +-------------------------+


mov w0, #108
Condition codes:
Registers:
	w/x0 = 0x6c
	sp = 0xFC0
	pc = 0x800
Stack:
	      sp-> +-------------------------+
	0x00000FC0 | EF CD AB 89 67 45 23 01 |
	           +-------------------------+
	0x00000FC8 | 00 00 00 00 00 00 00 00 |
	           +-------------------------+
	0x00000FD0 | 00 00 00 00 00 00 00 00 |
	           +-------------------------+
	0x00000FD8 | 00 00 00 00 00 00 00 00 |
	           +-------------------------+
	0x00000FE0 | 48 65 6C 6C 6F 20 57 6F |
	           +-------------------------+
	0x00000FE8 | 72 00 00 00 00 00 00 00 |
	           +-------------------------+
	0x00000FF0 | 00 00 00 00 00 00 00 00 |
	           +-------------------------+


strb w0, [sp, #41]
Condition codes:
Registers:
	w/x0 = 0x6c
	sp = 0xFC0
	pc = 0x804
Stack:
	      sp-> +-------------------------+
	0x00000FC0 | EF CD AB 89 67 45 23 01 |
	           +-------------------------+
	0x00000FC8 | 00 00 00 00 00 00 00 00 |
	           +-------------------------+
	0x00000FD0 | 00 00 00 00 00 00 00 00 |
	           +-------------------------+
	0x00000FD8 | 00 00 00 00 00 00 00 00 |
	           +-------------------------+
	0x00000FE0 | 48 65 6C 6C 6F 20 57 6F |
	           +-------------------------+
	0x00000FE8 | 72 6C 00 00 00 00 00 00 |
	           +-------------------------+
	0x00000FF0 | 00 00 00 00 00 00 00 00 |
	           +-------------------------+


mov w0, #100
Condition codes:
Registers:
	w/x0 = 0x64
	sp = 0xFC0
	pc = 0x808
Stack:
	      sp-> +-------------------------+
	0x00000FC0 | EF CD AB 89 67 45 23 01 |
	           +-------------------------+
	0x00000FC8 | 00 00 00 00 00 00 00 00 |
	           +-------------------------+
	0x00000FD0 | 00 00 00 00 00 00 00 00 |
	           +-------------------------+
	0x00000FD8 | 00 00 00 00 00 00 00 00 |
	           +-------------------------+
	0x00000FE0 | 48 65 6C 6C 6F 20 57 6F |
	           +-------------------------+
	0x00000FE8 | 72 6C 00 00 00 00 00 00 |
	           +-------------------------+
	0x00000FF0 | 00 00 00 00 00 00 00 00 |
	           +-------------------------+


strb w0, [sp, #42]
Condition codes:
Registers:
	w/x0 = 0x64
	sp = 0xFC0
	pc = 0x80C
Stack:
	      sp-> +-------------------------+
	0x00000FC0 | EF CD AB 89 67 45 23 01 |
	           +-------------------------+
	0x00000FC8 | 00 00 00 00 00 00 00 00 |
	           +-------------------------+
	0x00000FD0 | 00 00 00 00 00 00 00 00 |
	           +-------------------------+
	0x00000FD8 | 00 00 00 00 00 00 00 00 |
	           +-------------------------+
	0x00000FE0 | 48 65 6C 6C 6F 20 57 6F |
	           +-------------------------+
	0x00000FE8 | 72 6C 64 00 00 00 00 00 |
	           +-------------------------+
	0x00000FF0 | 00 00 00 00 00 00 00 00 |
	           +-------------------------+


mov w0, #33
Condition codes:
Registers:
	w/x0 = 0x21
	sp = 0xFC0
	pc = 0x810
Stack:
	      sp-> +-------------------------+
	0x00000FC0 | EF CD AB 89 67 45 23 01 |
	           +-------------------------+
	0x00000FC8 | 00 00 00 00 00 00 00 00 |
	           +-------------------------+
	0x00000FD0 | 00 00 00 00 00 00 00 00 |
	           +-------------------------+
	0x00000FD8 | 00 00 00 00 00 00 00 00 |
	           +-------------------------+
	0x00000FE0 | 48 65 6C 6C 6F 20 57 6F |
	           +-------------------------+
	0x00000FE8 | 72 6C 64 00 00 00 00 00 |
	           +-------------------------+
	0x00000FF0 | 00 00 00 00 00 00 00 00 |
	           +-------------------------+


strb w0, [sp, #43]
Condition codes:
Registers:
	w/x0 = 0x21
	sp = 0xFC0
	pc = 0x814
Stack:
	      sp-> +-------------------------+
	0x00000FC0 | EF CD AB 89 67 45 23 01 |
	           +-------------------------+
	0x00000FC8 | 00 00 00 00 00 00 00 00 |
	           +-------------------------+
	0x00000FD0 | 00 00 00 00 00 00 00 00 |
	           +-------------------------+
	0x00000FD8 | 00 00 00 00 00 00 00 00 |
	           +-------------------------+
	0x00000FE0 | 48 65 6C 6C 6F 20 57 6F |
	           +-------------------------+
	0x00000FE8 | 72 6C 64 21 00 00 00 00 |
	           +-------------------------+
	0x00000FF0 | 00 00 00 00 00 00 00 00 |
	           +-------------------------+


strb wzr, [sp, #44]
Condition codes:
Registers:
	w/x0 = 0x21
	sp = 0xFC0
	pc = 0x818
Stack:
	      sp-> +-------------------------+
	0x00000FC0 | EF CD AB 89 67 45 23 01 |
	           +-------------------------+
	0x00000FC8 | 00 00 00 00 00 00 00 00 |
	           +-------------------------+
	0x00000FD0 | 00 00 00 00 00 00 00 00 |
	           +-------------------------+
	0x00000FD8 | 00 00 00 00 00 00 00 00 |
	           +-------------------------+
	0x00000FE0 | 48 65 6C 6C 6F 20 57 6F |
	           +-------------------------+
	0x00000FE8 | 72 6C 64 21 00 00 00 00 |
	           +-------------------------+
	0x00000FF0 | 00 00 00 00 00 00 00 00 |
	           +-------------------------+


add x0, sp, #32
Condition codes:
Registers:
	w/x0 = 0xfe0
	sp = 0xFC0
	pc = 0x81C
Stack:
	      sp-> +-------------------------+
	0x00000FC0 | EF CD AB 89 67 45 23 01 |
	           +-------------------------+
	0x00000FC8 | 00 00 00 00 00 00 00 00 |
	           +-------------------------+
	0x00000FD0 | 00 00 00 00 00 00 00 00 |
	           +-------------------------+
	0x00000FD8 | 00 00 00 00 00 00 00 00 |
	           +-------------------------+
	0x00000FE0 | 48 65 6C 6C 6F 20 57 6F |
	           +-------------------------+
	0x00000FE8 | 72 6C 64 21 00 00 00 00 |
	           +-------------------------+
	0x00000FF0 | 00 00 00 00 00 00 00 00 |
	           +-------------------------+


bl 754
Condition codes:
Registers:
	w/x0 = 0xfe0
	w/x30 = 0x820
	sp = 0xFC0
	pc = 0x754
Stack:
	      sp-> +-------------------------+
	0x00000FC0 | EF CD AB 89 67 45 23 01 |
	           +-------------------------+
	0x00000FC8 | 00 00 00 00 00 00 00 00 |
	           +-------------------------+
	0x00000FD0 | 00 00 00 00 00 00 00 00 |
	           +-------------------------+
	0x00000FD8 | 00 00 00 00 00 00 00 00 |
	           +-------------------------+
	0x00000FE0 | 48 65 6C 6C 6F 20 57 6F |
	           +-------------------------+
	0x00000FE8 | 72 6C 64 21 00 00 00 00 |
	           +-------------------------+
	0x00000FF0 | 00 00 00 00 00 00 00 00 |
	           +-------------------------+


sub sp, sp, #32
Condition codes:
Registers:
	w/x0 = 0xfe0
	w/x30 = 0x820
	sp = 0xFA0
	pc = 0x758
Stack:
	      sp-> +-------------------------+
	0x00000FA0 | 00 00 00 00 00 00 00 00 |
	           +-------------------------+
	0x00000FA8 | 00 00 00 00 00 00 00 00 |
	           +-------------------------+
	0x00000FB0 | 00 00 00 00 00 00 00 00 |
	           +-------------------------+
	0x00000FB8 | 00 00 00 00 00 00 00 00 |
	           +-------------------------+
	0x00000FC0 | EF CD AB 89 67 45 23 01 |
	           +-------------------------+
	0x00000FC8 | 00 00 00 00 00 00 00 00 |
	           +-------------------------+
	0x00000FD0 | 00 00 00 00 00 00 00 00 |
	           +-------------------------+
	0x00000FD8 | 00 00 00 00 00 00 00 00 |
	           +-------------------------+
	0x00000FE0 | 48 65 6C 6C 6F 20 57 6F |
	           +-------------------------+
	0x00000FE8 | 72 6C 64 21 00 00 00 00 |
	           +-------------------------+
	0x00000FF0 | 00 00 00 00 00 00 00 00 |
	           +-------------------------+


str x0, [sp, #8]
Condition codes:
Registers:
	w/x0 = 0xfe0
	w/x30 = 0x820
	sp = 0xFA0
	pc = 0x75C
Stack:
	      sp-> +-------------------------+
	0x00000FA0 | 00 00 00 00 00 00 00 00 |
	           +-------------------------+
	0x00000FA8 | E0 0F 00 00 00 00 00 00 |
	           +-------------------------+
	0x00000FB0 | 00 00 00 00 00 00 00 00 |
	           +-------------------------+
	0x00000FB8 | 00 00 00 00 00 00 00 00 |
	           +-------------------------+
	0x00000FC0 | EF CD AB 89 67 45 23 01 |
	           +-------------------------+
	0x00000FC8 | 00 00 00 00 00 00 00 00 |
	           +-------------------------+
	0x00000FD0 | 00 00 00 00 00 00 00 00 |
	           +-------------------------+
	0x00000FD8 | 00 00 00 00 00 00 00 00 |
	           +-------------------------+
	0x00000FE0 | 48 65 6C 6C 6F 20 57 6F |
	           +-------------------------+
	0x00000FE8 | 72 6C 64 21 00 00 00 00 |
	           +-------------------------+
	0x00000FF0 | 00 00 00 00 00 00 00 00 |
	           +-------------------------+


ldr x0, [sp, #8]
Condition codes:
Registers:
	w/x0 = 0xfe0
	w/x30 = 0x820
	sp = 0xFA0
	pc = 0x760
Stack:
	      sp-> +-------------------------+
	0x00000FA0 | 00 00 00 00 00 00 00 00 |
	           +-------------------------+
	0x00000FA8 | E0 0F 00 00 00 00 00 00 |
	           +-------------------------+
	0x00000FB0 | 00 00 00 00 00 00 00 00 |
	           +-------------------------+
	0x00000FB8 | 00 00 00 00 00 00 00 00 |
	           +-------------------------+
	0x00000FC0 | EF CD AB 89 67 45 23 01 |
	           +-------------------------+
	0x00000FC8 | 00 00 00 00 00 00 00 00 |
	           +-------------------------+
	0x00000FD0 | 00 00 00 00 00 00 00 00 |
	           +-------------------------+
	0x00000FD8 | 00 00 00 00 00 00 00 00 |
	           +-------------------------+
	0x00000FE0 | 48 65 6C 6C 6F 20 57 6F |
	           +-------------------------+
	0x00000FE8 | 72 6C 64 21 00 00 00 00 |
	           +-------------------------+
	0x00000FF0 | 00 00 00 00 00 00 00 00 |
	           +-------------------------+


str x0, [sp, #24]
Condition codes:
Registers:
	w/x0 = 0xfe0
	w/x30 = 0x820
	sp = 0xFA0
	pc = 0x764
Stack:
	      sp-> +-------------------------+
	0x00000FA0 | 00 00 00 00 00 00 00 00 |
	           +-------------------------+
	0x00000FA8 | E0 0F 00 00 00 00 00 00 |
	           +-------------------------+
	0x00000FB0 | 00 00 00 00 00 00 00 00 |
	           +-------------------------+
	0x00000FB8 | E0 0F 00 00 00 00 00 00 |
	           +-------------------------+
	0x00000FC0 | EF CD AB 89 67 45 23 01 |
	           +-------------------------+
	0x00000FC8 | 00 00 00 00 00 00 00 00 |
	           +-------------------------+
	0x00000FD0 | 00 00 00 00 00 00 00 00 |
	           +-------------------------+
	0x00000FD8 | 00 00 00 00 00 00 00 00 |
	           +-------------------------+
	0x00000FE0 | 48 65 6C 6C 6F 20 57 6F |
	           +-------------------------+
	0x00000FE8 | 72 6C 64 21 00 00 00 00 |
	           +-------------------------+
	0x00000FF0 | 00 00 00 00 00 00 00 00 |
	           +-------------------------+


b 774
Condition codes:
Registers:
	w/x0 = 0xfe0
	w/x30 = 0x820
	sp = 0xFA0
	pc = 0x774
Stack:
	      sp-> +-------------------------+
	0x00000FA0 | 00 00 00 00 00 00 00 00 |
	           +-------------------------+
	0x0000FFA8 | E0 FF 00 00 00 00 00 00 |
	