Condition codes:
Registers:
	sp = 0xFFF0
	pc = 0x714
Stack:
	      sp-> +-------------------------+
	0x0000FFF0 | 00 00 00 00 00 00 00 00 |
	           +-------------------------+


sub sp, sp, #16
Condition codes:
Registers:
	sp = 0xFFE0
	pc = 0x718
Stack:
	      sp-> +-------------------------+
	0x0000FFE0 | 00 00 00 00 00 00 00 00 |
	           +-------------------------+
	0x0000FFE8 | 00 00 00 00 00 00 00 00 |
	           +-------------------------+
	0x0000FFF0 | 00 00 00 00 00 00 00 00 |
	           +-------------------------+


mov w0, #8
Condition codes:
Registers:
	w/x0 = 0x8
	sp = 0xFFE0
	pc = 0x71C
Stack:
	      sp-> +-------------------------+
	0x0000FFE0 | 00 00 00 00 00 00 00 00 |
	           +-------------------------+
	0x0000FFE8 | 00 00 00 00 00 00 00 00 |
	           +-------------------------+
	0x0000FFF0 | 00 00 00 00 00 00 00 00 |
	           +-------------------------+


str w0, [sp, #12]
Condition codes:
Registers:
	w/x0 = 0x8
	sp = 0xFFE0
	pc = 0x720
Stack:
	      sp-> +-------------------------+
	0x0000FFE0 | 00 00 00 00 00 00 00 00 |
	           +-------------------------+
	0x0000FFE8 | 00 00 00 00 08 00 00 00 |
	           +-------------------------+
	0x0000FFF0 | 00 00 00 00 00 00 00 00 |
	           +-------------------------+


ldr w0, [sp, #12]
Condition codes:
Registers:
	w/x0 = 0x8
	sp = 0xFFE0
	pc = 0x724
Stack:
	      sp-> +-------------------------+
	0x0000FFE0 | 00 00 00 00 00 00 00 00 |
	           +-------------------------+
	0x0000FFE8 | 00 00 00 00 08 00 00 00 |
	           +-------------------------+
	0x0000FFF0 | 00 00 00 00 00 00 00 00 |
	           +-------------------------+


cmp w0, #0
Condition codes: P
Registers:
	w/x0 = 0x8
	sp = 0xFFE0
	pc = 0x728
Stack:
	      sp-> +-------------------------+
	0x0000FFE0 | 00 00 00 00 00 00 00 00 |
	           +-------------------------+
	0x0000FFE8 | 00 00 00 00 08 00 00 00 |
	           +-------------------------+
	0x0000FFF0 | 00 00 00 00 00 00 00 00 |
	           +-------------------------+


b.ne 738
Condition codes: P
Registers:
	w/x0 = 0x8
	sp = 0xFFE0
	pc = 0x738
Stack:
	      sp-> +-------------------------+
	0x0000FFE0 | 00 00 00 00 00 00 00 00 |
	           +-------------------------+
	0x0000FFE8 | 00 00 00 00 08 00 00 00 |
	           +-------------------------+
	0x0000FFF0 | 00 00 00 00 00 00 00 00 |
	           +-------------------------+


mov w0, #6
Condition codes: P
Registers:
	w/x0 = 0x6
	sp = 0xFFE0
	pc = 0x73C
Stack:
	      sp-> +-------------------------+
	0x0000FFE0 | 00 00 00 00 00 00 00 00 |
	           +-------------------------+
	0x0000FFE8 | 00 00 00 00 08 00 00 00 |
	           +-------------------------+
	0x0000FFF0 | 00 00 00 00 00 00 00 00 |
	           +-------------------------+


str w0, [sp, #12]
Condition codes: P
Registers:
	w/x0 = 0x6
	sp = 0xFFE0
	pc = 0x740
Stack:
	      sp-> +-------------------------+
	0x0000FFE0 | 00 00 00 00 00 00 00 00 |
	           +-------------------------+
	0x0000FFE8 | 00 00 00 00 06 00 00 00 |
	           +-------------------------+
	0x0000FFF0 | 00 00 00 00 00 00 00 00 |
	           +-------------------------+


nop 
Condition codes: P
Registers:
	w/x0 = 0x6
	sp = 0xFFE0
	pc = 0x744
Stack:
	      sp-> +-------------------------+
	0x0000FFE0 | 00 00 00 00 00 00 00 00 |
	           +-------------------------+
	0x0000FFE8 | 00 00 00 00 06 00 00 00 |
	           +-------------------------+
	0x0000FFF0 | 00 00 00 00 00 00 00 00 |
	           +-------------------------+


add sp, sp, #16
Condition codes: P
Registers:
	w/x0 = 0x6
	sp = 0xFFF0
	pc = 0x748
Stack:
	           +-------------------------+
	0x0000FFE0 | 00 00 00 00 00 00 00 00 |
	           +-------------------------+
	0x0000FFE8 | 00 00 00 00 06 00 00 00 |
	      sp-> +-------------------------+
	0x0000FFF0 | 00 00 00 00 00 00 00 00 |
	           +-------------------------+


ret 
Condition codes: P
Registers:
	w/x0 = 0x6
	sp = 0xFFF0
	pc = 0x123456789ABCDEF
Stack:
	           +-------------------------+
	0x0000FFE0 | 00 00 00 00 00 00 00 00 |
	           +-------------------------+
	0x0000FFE8 | 00 00 00 00 06 00 00 00 |
	      sp-> +-------------------------+
	0x0000FFF0 | 00 00 00 00 00 00 00 00 |
	           +-------------------------+


