Condition codes:
Registers:
	sp = 0xFFF0
	pc = 0x40056C
Stack:
	      sp-> +-------------------------+
	0x0000FFF0 | 00 00 00 00 00 00 00 00 |
	           +-------------------------+


sub sp, sp, #32
Condition codes:
Registers:
	sp = 0xFFD0
	pc = 0x400570
Stack:
	      sp-> +-------------------------+
	0x0000FFD0 | 00 00 00 00 00 00 00 00 |
	           +-------------------------+
	0x0000FFD8 | 00 00 00 00 00 00 00 00 |
	           +-------------------------+
	0x0000FFE0 | 00 00 00 00 00 00 00 00 |
	           +-------------------------+
	0x0000FFE8 | 00 00 00 00 00 00 00 00 |
	           +-------------------------+
	0x0000FFF0 | 00 00 00 00 00 00 00 00 |
	           +-------------------------+


str x30, [sp, #16]
Condition codes:
Registers:
	sp = 0xFFD0
	pc = 0x400574
Stack:
	      sp-> +-------------------------+
	0x0000FFD0 | 00 00 00 00 00 00 00 00 |
	           +-------------------------+
	0x0000FFD8 | 00 00 00 00 00 00 00 00 |
	           +-------------------------+
	0x0000FFE0 | EF CD AB 89 67 45 23 01 |
	           +-------------------------+
	0x0000FFE8 | 00 00 00 00 00 00 00 00 |
	           +-------------------------+
	0x0000FFF0 | 00 00 00 00 00 00 00 00 |
	           +-------------------------+


mov w8, #51
Condition codes:
Registers:
	w/x8 = 0x33
	sp = 0xFFD0
	pc = 0x400578
Stack:
	      sp-> +-------------------------+
	0x0000FFD0 | 00 00 00 00 00 00 00 00 |
	           +-------------------------+
	0x0000FFD8 | 00 00 00 00 00 00 00 00 |
	           +-------------------------+
	0x0000FFE0 | EF CD AB 89 67 45 23 01 |
	           +-------------------------+
	0x0000FFE8 | 00 00 00 00 00 00 00 00 |
	           +-------------------------+
	0x0000FFF0 | 00 00 00 00 00 00 00 00 |
	           +-------------------------+


mov w9, #68
Condition codes:
Registers:
	w/x8 = 0x33
	w/x9 = 0x44
	sp = 0xFFD0
	pc = 0x40057C
Stack:
	      sp-> +-------------------------+
	0x0000FFD0 | 00 00 00 00 00 00 00 00 |
	           +-------------------------+
	0x0000FFD8 | 00 00 00 00 00 00 00 00 |
	           +-------------------------+
	0x0000FFE0 | EF CD AB 89 67 45 23 01 |
	           +-------------------------+
	0x0000FFE8 | 00 00 00 00 00 00 00 00 |
	           +-------------------------+
	0x0000FFF0 | 00 00 00 00 00 00 00 00 |
	           +-------------------------+


str w8, [sp, #12]
Condition codes:
Registers:
	w/x8 = 0x33
	w/x9 = 0x44
	sp = 0xFFD0
	pc = 0x400580
Stack:
	      sp-> +-------------------------+
	0x0000FFD0 | 00 00 00 00 00 00 00 00 |
	           +-------------------------+
	0x0000FFD8 | 00 00 00 00 33 00 00 00 |
	           +-------------------------+
	0x0000FFE0 | EF CD AB 89 67 45 23 01 |
	           +-------------------------+
	0x0000FFE8 | 00 00 00 00 00 00 00 00 |
	           +-------------------------+
	0x0000FFF0 | 00 00 00 00 00 00 00 00 |
	           +-------------------------+


str w9, [sp, #8]
Condition codes:
Registers:
	w/x8 = 0x33
	w/x9 = 0x44
	sp = 0xFFD0
	pc = 0x400584
Stack:
	      sp-> +-------------------------+
	0x0000FFD0 | 00 00 00 00 00 00 00 00 |
	           +-------------------------+
	0x0000FFD8 | 44 00 00 00 33 00 00 00 |
	           +-------------------------+
	0x0000FFE0 | EF CD AB 89 67 45 23 01 |
	           +-------------------------+
	0x0000FFE8 | 00 00 00 00 00 00 00 00 |
	           +-------------------------+
	0x0000FFF0 | 00 00 00 00 00 00 00 00 |
	           +-------------------------+


ldr w0, [sp, #12]
Condition codes:
Registers:
	w/x0 = 0x33
	w/x8 = 0x33
	w/x9 = 0x44
	sp = 0xFFD0
	pc = 0x400588
Stack:
	      sp-> +-------------------------+
	0x0000FFD0 | 00 00 00 00 00 00 00 00 |
	           +-------------------------+
	0x0000FFD8 | 44 00 00 00 33 00 00 00 |
	           +-------------------------+
	0x0000FFE0 | EF CD AB 89 67 45 23 01 |
	           +-------------------------+
	0x0000FFE8 | 00 00 00 00 00 00 00 00 |
	           +-------------------------+
	0x0000FFF0 | 00 00 00 00 00 00 00 00 |
	           +-------------------------+


ldr w1, [sp, #8]
Condition codes:
Registers:
	w/x0 = 0x33
	w/x1 = 0x44
	w/x8 = 0x33
	w/x9 = 0x44
	sp = 0xFFD0
	pc = 0x40058C
Stack:
	      sp-> +-------------------------+
	0x0000FFD0 | 00 00 00 00 00 00 00 00 |
	           +-------------------------+
	0x0000FFD8 | 44 00 00 00 33 00 00 00 |
	           +-------------------------+
	0x0000FFE0 | EF CD AB 89 67 45 23 01 |
	           +-------------------------+
	0x0000FFE8 | 00 00 00 00 00 00 00 00 |
	           +-------------------------+
	0x0000FFF0 | 00 00 00 00 00 00 00 00 |
	           +-------------------------+


bl 400544
Condition codes:
Registers:
	w/x0 = 0x33
	w/x1 = 0x44
	w/x8 = 0x33
	w/x9 = 0x44
	w/x30 = 0x400590
	sp = 0xFFD0
	pc = 0x400544
Stack:
	      sp-> +-------------------------+
	0x0000FFD0 | 00 00 00 00 00 00 00 00 |
	           +-------------------------+
	0x0000FFD8 | 44 00 00 00 33 00 00 00 |
	           +-------------------------+
	0x0000FFE0 | EF CD AB 89 67 45 23 01 |
	           +-------------------------+
	0x0000FFE8 | 00 00 00 00 00 00 00 00 |
	           +-------------------------+
	0x0000FFF0 | 00 00 00 00 00 00 00 00 |
	           +-------------------------+


sub sp, sp, #16
Condition codes:
Registers:
	w/x0 = 0x33
	w/x1 = 0x44
	w/x8 = 0x33
	w/x9 = 0x44
	w/x30 = 0x400590
	sp = 0xFFC0
	pc = 0x400548
Stack:
	      sp-> +-------------------------+
	0x0000FFC0 | 00 00 00 00 00 00 00 00 |
	           +-------------------------+
	0x0000FFC8 | 00 00 00 00 00 00 00 00 |
	           +-------------------------+
	0x0000FFD0 | 00 00 00 00 00 00 00 00 |
	           +-------------------------+
	0x0000FFD8 | 44 00 00 00 33 00 00 00 |
	           +-------------------------+
	0x0000FFE0 | EF CD AB 89 67 45 23 01 |
	           +-------------------------+
	0x0000FFE8 | 00 00 00 00 00 00 00 00 |
	           +-------------------------+
	0x0000FFF0 | 00 00 00 00 00 00 00 00 |
	           +-------------------------+


str w0, [sp, #12]
Condition codes:
Registers:
	w/x0 = 0x33
	w/x1 = 0x44
	w/x8 = 0x33
	w/x9 = 0x44
	w/x30 = 0x400590
	sp = 0xFFC0
	pc = 0x40054C
Stack:
	      sp-> +-------------------------+
	0x0000FFC0 | 00 00 00 00 00 00 00 00 |
	           +-------------------------+
	0x0000FFC8 | 00 00 00 00 33 00 00 00 |
	           +-------------------------+
	0x0000FFD0 | 00 00 00 00 00 00 00 00 |
	           +-------------------------+
	0x0000FFD8 | 44 00 00 00 33 00 00 00 |
	           +-------------------------+
	0x0000FFE0 | EF CD AB 89 67 45 23 01 |
	           +-------------------------+
	0x0000FFE8 | 00 00 00 00 00 00 00 00 |
	           +-------------------------+
	0x0000FFF0 | 00 00 00 00 00 00 00 00 |
	           +-------------------------+


str w1, [sp, #8]
Condition codes:
Registers:
	w/x0 = 0x33
	w/x1 = 0x44
	w/x8 = 0x33
	w/x9 = 0x44
	w/x30 = 0x400590
	sp = 0xFFC0
	pc = 0x400550
Stack:
	      sp-> +-------------------------+
	0x0000FFC0 | 00 00 00 00 00 00 00 00 |
	           +-------------------------+
	0x0000FFC8 | 44 00 00 00 33 00 00 00 |
	           +-------------------------+
	0x0000FFD0 | 00 00 00 00 00 00 00 00 |
	           +-------------------------+
	0x0000FFD8 | 44 00 00 00 33 00 00 00 |
	           +-------------------------+
	0x0000FFE0 | EF CD AB 89 67 45 23 01 |
	           +-------------------------+
	0x0000FFE8 | 00 00 00 00 00 00 00 00 |
	           +-------------------------+
	0x0000FFF0 | 00 00 00 00 00 00 00 00 |
	           +-------------------------+


ldr w8, [sp, #12]
Condition codes:
Registers:
	w/x0 = 0x33
	w/x1 = 0x44
	w/x8 = 0x33
	w/x9 = 0x44
	w/x30 = 0x400590
	sp = 0xFFC0
	pc = 0x400554
Stack:
	      sp-> +-------------------------+
	0x0000FFC0 | 00 00 00 00 00 00 00 00 |
	           +-------------------------+
	0x0000FFC8 | 44 00 00 00 33 00 00 00 |
	           +-------------------------+
	0x0000FFD0 | 00 00 00 00 00 00 00 00 |
	           +-------------------------+
	0x0000FFD8 | 44 00 00 00 33 00 00 00 |
	           +-------------------------+
	0x0000FFE0 | EF CD AB 89 67 45 23 01 |
	           +-------------------------+
	0x0000FFE8 | 00 00 00 00 00 00 00 00 |
	           +-------------------------+
	0x0000FFF0 | 00 00 00 00 00 00 00 00 |
	           +-------------------------+


ldr w9, [sp, #8]
Condition codes:
Registers:
	w/x0 = 0x33
	w/x1 = 0x44
	w/x8 = 0x33
	w/x9 = 0x44
	w/x30 = 0x400590
	sp = 0xFFC0
	pc = 0x400558
Stack:
	      sp-> +-------------------------+
	0x0000FFC0 | 00 00 00 00 00 00 00 00 |
	           +-------------------------+
	0x0000FFC8 | 44 00 00 00 33 00 00 00 |
	           +-------------------------+
	0x0000FFD0 | 00 00 00 00 00 00 00 00 |
	           +-------------------------+
	0x0000FFD8 | 44 00 00 00 33 00 00 00 |
	           +-------------------------+
	0x0000FFE0 | EF CD AB 89 67 45 23 01 |
	           +-------------------------+
	0x0000FFE8 | 00 00 00 00 00 00 00 00 |
	           +-------------------------+
	0x0000FFF0 | 00 00 00 00 00 00 00 00 |
	           +-------------------------+


add w8, w8, w9
Condition codes:
Registers:
	w/x0 = 0x33
	w/x1 = 0x44
	w/x8 = 0x77
	w/x9 = 0x44
	w/x30 = 0x400590
	sp = 0xFFC0
	pc = 0x40055C
Stack:
	      sp-> +-------------------------+
	0x0000FFC0 | 00 00 00 00 00 00 00 00 |
	           +-------------------------+
	0x0000FFC8 | 44 00 00 00 33 00 00 00 |
	           +-------------------------+
	0x0000FFD0 | 00 00 00 00 00 00 00 00 |
	           +-------------------------+
	0x0000FFD8 | 44 00 00 00 33 00 00 00 |
	           +-------------------------+
	0x0000FFE0 | EF CD AB 89 67 45 23 01 |
	           +-------------------------+
	0x0000FFE8 | 00 00 00 00 00 00 00 00 |
	           +-------------------------+
	0x0000FFF0 | 00 00 00 00 00 00 00 00 |
	           +-------------------------+


str w8, [sp, #4]
Condition codes:
Registers:
	w/x0 = 0x33
	w/x1 = 0x44
	w/x8 = 0x77
	w/x9 = 0x44
	w/x30 = 0x400590
	sp = 0xFFC0
	pc = 0x400560
Stack:
	      sp-> +-------------------------+
	0x0000FFC0 | 00 00 00 00 77 00 00 00 |
	           +-------------------------+
	0x0000FFC8 | 44 00 00 00 33 00 00 00 |
	           +-------------------------+
	0x0000FFD0 | 00 00 00 00 00 00 00 00 |
	           +-------------------------+
	0x0000FFD8 | 44 00 00 00 33 00 00 00 |
	           +-------------------------+
	0x0000FFE0 | EF CD AB 89 67 45 23 01 |
	           +-------------------------+
	0x0000FFE8 | 00 00 00 00 00 00 00 00 |
	           +-------------------------+
	0x0000FFF0 | 00 00 00 00 00 00 00 00 |
	           +-------------------------+


ldr w0, [sp, #4]
Condition codes:
Registers:
	w/x0 = 0x77
	w/x1 = 0x44
	w/x8 = 0x77
	w/x9 = 0x44
	w/x30 = 0x400590
	sp = 0xFFC0
	pc = 0x400564
Stack:
	      sp-> +-------------------------+
	0x0000FFC0 | 00 00 00 00 77 00 00 00 |
	           +-------------------------+
	0x0000FFC8 | 44 00 00 00 33 00 00 00 |
	           +-------------------------+
	0x0000FFD0 | 00 00 00 00 00 00 00 00 |
	           +-------------------------+
	0x0000FFD8 | 44 00 00 00 33 00 00 00 |
	           +-------------------------+
	0x0000FFE0 | EF CD AB 89 67 45 23 01 |
	           +-------------------------+
	0x0000FFE8 | 00 00 00 00 00 00 00 00 |
	           +-------------------------+
	0x0000FFF0 | 00 00 00 00 00 00 00 00 |
	           +-------------------------+


add sp, sp, #16
Condition codes:
Registers:
	w/x0 = 0x77
	w/x1 = 0x44
	w/x8 = 0x77
	w/x9 = 0x44
	w/x30 = 0x400590
	sp = 0xFFD0
	pc = 0x400568
Stack:
	           +-------------------------+
	0x0000FFC0 | 00 00 00 00 77 00 00 00 |
	           +-------------------------+
	0x0000FFC8 | 44 00 00 00 33 00 00 00 |
	      sp-> +-------------------------+
	0x0000FFD0 | 00 00 00 00 00 00 00 00 |
	           +-------------------------+
	0x0000FFD8 | 44 00 00 00 33 00 00 00 |
	           +-------------------------+
	0x0000FFE0 | EF CD AB 89 67 45 23 01 |
	           +-------------------------+
	0x0000FFE8 | 00 00 00 00 00 00 00 00 |
	           +-------------------------+
	0x0000FFF0 | 00 00 00 00 00 00 00 00 |
	           +-------------------------+


ret 
Condition codes:
Registers:
	w/x0 = 0x77
	w/x1 = 0x44
	w/x8 = 0x77
	w/x9 = 0x44
	w/x30 = 0x400590
	sp = 0xFFD0
	pc = 0x400590
Stack:
	           +-------------------------+
	0x0000FFC0 | 00 00 00 00 77 00 00 00 |
	           +-------------------------+
	0x0000FFC8 | 44 00 00 00 33 00 00 00 |
	      sp-> +-------------------------+
	0x0000FFD0 | 00 00 00 00 00 00 00 00 |
	           +-------------------------+
	0x0000FFD8 | 44 00 00 00 33 00 00 00 |
	           +-------------------------+
	0x0000FFE0 | EF CD AB 89 67 45 23 01 |
	           +-------------------------+
	0x0000FFE8 | 00 00 00 00 00 00 00 00 |
	           +-------------------------+
	0x0000FFF0 | 00 00 00 00 00 00 00 00 |
	           +-------------------------+


str w0, [sp, #4]
Condition codes:
Registers:
	w/x0 = 0x77
	w/x1 = 0x44
	w/x8 = 0x77
	w/x9 = 0x44
	w/x30 = 0x400590
	sp = 0xFFD0
	pc = 0x400594
Stack:
	           +-------------------------+
	0x0000FFC0 | 00 00 00 00 77 00 00 00 |
	           +-------------------------+
	0x0000FFC8 | 44 00 00 00 33 00 00 00 |
	      sp-> +-------------------------+
	0x0000FFD0 | 00 00 00 00 77 00 00 00 |
	           +-------------------------+
	0x0000FFD8 | 44 00 00 00 33 00 00 00 |
	           +-------------------------+
	0x0000FFE0 | EF CD AB 89 67 45 23 01 |
	           +-------------------------+
	0x0000FFE8 | 00 00 00 00 00 00 00 00 |
	           +-------------------------+
	0x0000FFF0 | 00 00 00 00 00 00 00 00 |
	           +-------------------------+


ldr x30, [sp, #16]
Condition codes:
Registers:
	w/x0 = 0x77
	w/x1 = 0x44
	w/x8 = 0x77
	w/x9 = 0x44
	sp = 0xFFD0
	pc = 0x400598
Stack:
	           +-------------------------+
	0x0000FFC0 | 00 00 00 00 77 00 00 00 |
	           +-------------------------+
	0x0000FFC8 | 44 00 00 00 33 00 00 00 |
	      sp-> +-------------------------+
	0x0000FFD0 | 00 00 00 00 77 00 00 00 |
	           +-------------------------+
	0x0000FFD8 | 44 00 00 00 33 00 00 00 |
	           +-------------------------+
	0x0000FFE0 | EF CD AB 89 67 45 23 01 |
	           +-------------------------+
	0x0000FFE8 | 00 00 00 00 00 00 00 00 |
	           +-------------------------+
	0x0000FFF0 | 00 00 00 00 00 00 00 00 |
	           +-------------------------+


add sp, sp, #32
Condition codes:
Registers:
	w/x0 = 0x77
	w/x1 = 0x44
	w/x8 = 0x77
	w/x9 = 0x44
	sp = 0xFFF0
	pc = 0x40059C
Stack:
	           +-------------------------+
	0x0000FFC0 | 00 00 00 00 77 00 00 00 |
	           +-------------------------+
	0x0000FFC8 | 44 00 00 00 33 00 00 00 |
	           +-------------------------+
	0x0000FFD0 | 00 00 00 00 77 00 00 00 |
	           +-------------------------+
	0x0000FFD8 | 44 00 00 00 33 00 00 00 |
	           +-------------------------+
	0x0000FFE0 | EF CD AB 89 67 45 23 01 |
	           +-------------------------+
	0x0000FFE8 | 00 00 00 00 00 00 00 00 |
	      sp-> +-------------------------+
	0x0000FFF0 | 00 00 00 00 00 00 00 00 |
	           +-------------------------+


ret 
Condition codes:
Registers:
	w/x0 = 0x77
	w/x1 = 0x44
	w/x8 = 0x77
	w/x9 = 0x44
	sp = 0xFFF0
	pc = 0x123456789ABCDEF
Stack:
	           +-------------------------+
	0x0000FFC0 | 00 00 00 00 77 00 00 00 |
	           +-------------------------+
	0x0000FFC8 | 44 00 00 00 33 00 00 00 |
	           +-------------------------+
	0x0000FFD0 | 00 00 00 00 77 00 00 00 |
	           +-------------------------+
	0x0000FFD8 | 44 00 00 00 33 00 00 00 |
	           +-------------------------+
	0x0000FFE0 | EF CD AB 89 67 45 23 01 |
	           +-------------------------+
	0x0000FFE8 | 00 00 00 00 00 00 00 00 |
	      sp-> +-------------------------+
	0x0000FFF0 | 00 00 00 00 00 00 00 00 |
	           +-------------------------+


